-- The C compiler identification is GNU 13.3.0
-- The CXX compiler identification is GNU 13.3.0
-- Detecting C compiler ABI info
-- Detecting C compiler ABI info - done
-- Check for working C compiler: /usr/bin/cc - skipped
-- Detecting C compile features
-- Detecting C compile features - done
-- Detecting CXX compiler ABI info
-- Detecting CXX compiler ABI info - done
-- Check for working CXX compiler: /usr/bin/c++ - skipped
-- Detecting CXX compile features
-- Detecting CXX compile features - done
-- Found ament_cmake: 2.5.3 (/opt/ros/jazzy/share/ament_cmake/cmake)
-- Found Python3: /home/nathan/anaconda3/bin/python3 (found version "3.12.7") found components: Interpreter 
-- Found rclcpp: 28.1.6 (/opt/ros/jazzy/share/rclcpp/cmake)
-- Found rosidl_generator_c: 4.6.5 (/opt/ros/jazzy/share/rosidl_generator_c/cmake)
-- Found rosidl_generator_cpp: 4.6.5 (/opt/ros/jazzy/share/rosidl_generator_cpp/cmake)
-- Using all available rosidl_typesupport_c: rosidl_typesupport_fastrtps_c;rosidl_typesupport_introspection_c
-- Using all available rosidl_typesupport_cpp: rosidl_typesupport_fastrtps_cpp;rosidl_typesupport_introspection_cpp
-- Found rmw_implementation_cmake: 7.3.1 (/opt/ros/jazzy/share/rmw_implementation_cmake/cmake)
-- Found rmw_fastrtps_cpp: 8.4.1 (/opt/ros/jazzy/share/rmw_fastrtps_cpp/cmake)
-- Found OpenSSL: /usr/lib/x86_64-linux-gnu/libcrypto.so (found version "3.0.13")  
-- Found FastRTPS: /opt/ros/jazzy/include (Required is at least version "2.13") 
-- Using RMW implementation 'rmw_fastrtps_cpp' as default
-- Found sensor_msgs: 5.3.5 (/opt/ros/jazzy/share/sensor_msgs/cmake)
-- Found tf2: 0.36.7 (/opt/ros/jazzy/share/tf2/cmake)
-- Found tf2_ros: 0.36.7 (/opt/ros/jazzy/share/tf2_ros/cmake)
-- Found control_msgs: 5.3.0 (/opt/ros/jazzy/share/control_msgs/cmake)
-- Found ros_gz_interfaces: 1.0.9 (/opt/ros/jazzy/share/ros_gz_interfaces/cmake)
-- Found tf2_sensor_msgs: 0.36.7 (/opt/ros/jazzy/share/tf2_sensor_msgs/cmake)
-- Found ament_lint_auto: 0.17.1 (/opt/ros/jazzy/share/ament_lint_auto/cmake)
-- Added test 'flake8' to check Python code syntax and style conventions
-- Configured 'flake8' exclude dirs and/or files: 
-- Added test 'lint_cmake' to check CMake code style
-- Added test 'pep257' to check Python code against some of the docstring style conventions in PEP 257
-- Added test 'xmllint' to check XML markup files
-- Configuring done (1.4s)
-- Generating done (0.0s)
-- Build files have been written to: /home/nathan/tello_ros2_gz/build/tello_description
-- Install configuration: ""
-- Installing: /home/nathan/tello_ros2_gz/install/tello_description/share/tello_description//config
-- Installing: /home/nathan/tello_ros2_gz/install/tello_description/share/tello_description//config/tello_controllers.yaml
-- Installing: /home/nathan/tello_ros2_gz/install/tello_description/share/tello_description//launch
-- Installing: /home/nathan/tello_ros2_gz/install/tello_description/share/tello_description//launch/tello_simulation.launch.py
-- Installing: /home/nathan/tello_ros2_gz/install/tello_description/share/tello_description//urdf
-- Installing: /home/nathan/tello_ros2_gz/install/tello_description/share/tello_description//urdf/prop.stl
-- Installing: /home/nathan/tello_ros2_gz/install/tello_description/share/tello_description//urdf/tello.urdf.xacro
-- Installing: /home/nathan/tello_ros2_gz/install/tello_description/share/tello_description//urdf/tello_v2.stl
-- Installing: /home/nathan/tello_ros2_gz/install/tello_description/share/tello_description//urdf/tello_cover.stl
-- Installing: /home/nathan/tello_ros2_gz/install/tello_description/share/tello_description//rviz
-- Installing: /home/nathan/tello_ros2_gz/install/tello_description/share/tello_description//rviz/ryze_view.rviz
-- Installing: /home/nathan/tello_ros2_gz/install/tello_description/share/ament_index/resource_index/package_run_dependencies/tello_description
-- Installing: /home/nathan/tello_ros2_gz/install/tello_description/share/ament_index/resource_index/parent_prefix_path/tello_description
-- Installing: /home/nathan/tello_ros2_gz/install/tello_description/share/tello_description/environment/ament_prefix_path.sh
-- Installing: /home/nathan/tello_ros2_gz/install/tello_description/share/tello_description/environment/ament_prefix_path.dsv
-- Installing: /home/nathan/tello_ros2_gz/install/tello_description/share/tello_description/environment/path.sh
-- Installing: /home/nathan/tello_ros2_gz/install/tello_description/share/tello_description/environment/path.dsv
-- Installing: /home/nathan/tello_ros2_gz/install/tello_description/share/tello_description/local_setup.bash
-- Installing: /home/nathan/tello_ros2_gz/install/tello_description/share/tello_description/local_setup.sh
-- Installing: /home/nathan/tello_ros2_gz/install/tello_description/share/tello_description/local_setup.zsh
-- Installing: /home/nathan/tello_ros2_gz/install/tello_description/share/tello_description/local_setup.dsv
-- Installing: /home/nathan/tello_ros2_gz/install/tello_description/share/tello_description/package.dsv
-- Installing: /home/nathan/tello_ros2_gz/install/tello_description/share/ament_index/resource_index/packages/tello_description
-- Installing: /home/nathan/tello_ros2_gz/install/tello_description/share/tello_description/cmake/tello_descriptionConfig.cmake
-- Installing: /home/nathan/tello_ros2_gz/install/tello_description/share/tello_description/cmake/tello_descriptionConfig-version.cmake
-- Installing: /home/nathan/tello_ros2_gz/install/tello_description/share/tello_description/package.xml
