[0.008s] Invoking command in '/home/nathan/tello_ros2_gz/build/tello_description': CMAKE_PREFIX_PATH=${CMAKE_PREFIX_PATH}:/opt/ros/jazzy CONDA_PROMPT_MODIFIER=(base) DEBUGINFOD_URLS=https://debuginfod.ubuntu.com /usr/bin/cmake /home/nathan/tello_ros2_gz/src/tello_description -DCMAKE_INSTALL_PREFIX=/home/nathan/tello_ros2_gz/install/tello_description
[0.098s] -- The C compiler identification is GNU 13.3.0
[0.162s] -- The CXX compiler identification is GNU 13.3.0
[0.179s] -- Detecting C compiler ABI info
[0.299s] -- Detecting C compiler ABI info - done
[0.313s] -- Check for working C compiler: /usr/bin/cc - skipped
[0.313s] -- Detecting C compile features
[0.313s] -- Detecting C compile features - done
[0.326s] -- Detecting CXX compiler ABI info
[0.448s] -- Detecting CXX compiler ABI info - done
[0.459s] -- Check for working CXX compiler: /usr/bin/c++ - skipped
[0.460s] -- Detecting CXX compile features
[0.460s] -- Detecting CXX compile features - done
[0.470s] -- Found ament_cmake: 2.5.3 (/opt/ros/jazzy/share/ament_cmake/cmake)
[0.591s] -- Found Python3: /home/nathan/anaconda3/bin/python3 (found version "3.12.7") found components: Interpreter 
[0.689s] -- Found rclcpp: 28.1.6 (/opt/ros/jazzy/share/rclcpp/cmake)
[0.732s] -- Found rosidl_generator_c: 4.6.5 (/opt/ros/jazzy/share/rosidl_generator_c/cmake)
[0.746s] -- Found rosidl_generator_cpp: 4.6.5 (/opt/ros/jazzy/share/rosidl_generator_cpp/cmake)
[0.761s] -- Using all available rosidl_typesupport_c: rosidl_typesupport_fastrtps_c;rosidl_typesupport_introspection_c
[0.778s] -- Using all available rosidl_typesupport_cpp: rosidl_typesupport_fastrtps_cpp;rosidl_typesupport_introspection_cpp
[0.846s] -- Found rmw_implementation_cmake: 7.3.1 (/opt/ros/jazzy/share/rmw_implementation_cmake/cmake)
[0.849s] -- Found rmw_fastrtps_cpp: 8.4.1 (/opt/ros/jazzy/share/rmw_fastrtps_cpp/cmake)
[0.956s] -- Found OpenSSL: /usr/lib/x86_64-linux-gnu/libcrypto.so (found version "3.0.13")  
[0.987s] -- Found FastRTPS: /opt/ros/jazzy/include (Required is at least version "2.13") 
[1.010s] -- Using RMW implementation 'rmw_fastrtps_cpp' as default
[1.075s] -- Found sensor_msgs: 5.3.5 (/opt/ros/jazzy/share/sensor_msgs/cmake)
[1.124s] -- Found tf2: 0.36.7 (/opt/ros/jazzy/share/tf2/cmake)
[1.129s] -- Found tf2_ros: 0.36.7 (/opt/ros/jazzy/share/tf2_ros/cmake)
[1.240s] -- Found control_msgs: 5.3.0 (/opt/ros/jazzy/share/control_msgs/cmake)
[1.288s] -- Found ros_gz_interfaces: 1.0.9 (/opt/ros/jazzy/share/ros_gz_interfaces/cmake)
[1.315s] -- Found tf2_sensor_msgs: 0.36.7 (/opt/ros/jazzy/share/tf2_sensor_msgs/cmake)
[1.325s] -- Found ament_lint_auto: 0.17.1 (/opt/ros/jazzy/share/ament_lint_auto/cmake)
[1.410s] -- Added test 'flake8' to check Python code syntax and style conventions
[1.410s] -- Configured 'flake8' exclude dirs and/or files: 
[1.410s] -- Added test 'lint_cmake' to check CMake code style
[1.411s] -- Added test 'pep257' to check Python code against some of the docstring style conventions in PEP 257
[1.412s] -- Added test 'xmllint' to check XML markup files
[1.413s] -- Configuring done (1.4s)
[1.416s] -- Generating done (0.0s)
[1.418s] -- Build files have been written to: /home/nathan/tello_ros2_gz/build/tello_description
[1.425s] Invoked command in '/home/nathan/tello_ros2_gz/build/tello_description' returned '0': CMAKE_PREFIX_PATH=${CMAKE_PREFIX_PATH}:/opt/ros/jazzy CONDA_PROMPT_MODIFIER=(base) DEBUGINFOD_URLS=https://debuginfod.ubuntu.com /usr/bin/cmake /home/nathan/tello_ros2_gz/src/tello_description -DCMAKE_INSTALL_PREFIX=/home/nathan/tello_ros2_gz/install/tello_description
[1.426s] Invoking command in '/home/nathan/tello_ros2_gz/build/tello_description': CMAKE_PREFIX_PATH=${CMAKE_PREFIX_PATH}:/opt/ros/jazzy CONDA_PROMPT_MODIFIER=(base) DEBUGINFOD_URLS=https://debuginfod.ubuntu.com /usr/bin/cmake --build /home/nathan/tello_ros2_gz/build/tello_description -- -j20 -l20
[1.475s] Invoked command in '/home/nathan/tello_ros2_gz/build/tello_description' returned '0': CMAKE_PREFIX_PATH=${CMAKE_PREFIX_PATH}:/opt/ros/jazzy CONDA_PROMPT_MODIFIER=(base) DEBUGINFOD_URLS=https://debuginfod.ubuntu.com /usr/bin/cmake --build /home/nathan/tello_ros2_gz/build/tello_description -- -j20 -l20
[1.487s] Invoking command in '/home/nathan/tello_ros2_gz/build/tello_description': CMAKE_PREFIX_PATH=${CMAKE_PREFIX_PATH}:/opt/ros/jazzy CONDA_PROMPT_MODIFIER=(base) DEBUGINFOD_URLS=https://debuginfod.ubuntu.com /usr/bin/cmake --install /home/nathan/tello_ros2_gz/build/tello_description
[1.497s] -- Install configuration: ""
[1.497s] -- Installing: /home/nathan/tello_ros2_gz/install/tello_description/share/tello_description//config
[1.497s] -- Installing: /home/nathan/tello_ros2_gz/install/tello_description/share/tello_description//config/tello_controllers.yaml
[1.497s] -- Installing: /home/nathan/tello_ros2_gz/install/tello_description/share/tello_description//launch
[1.497s] -- Installing: /home/nathan/tello_ros2_gz/install/tello_description/share/tello_description//launch/tello_simulation.launch.py
[1.497s] -- Installing: /home/nathan/tello_ros2_gz/install/tello_description/share/tello_description//urdf
[1.498s] -- Installing: /home/nathan/tello_ros2_gz/install/tello_description/share/tello_description//urdf/prop.stl
[1.498s] -- Installing: /home/nathan/tello_ros2_gz/install/tello_description/share/tello_description//urdf/tello.urdf.xacro
[1.498s] -- Installing: /home/nathan/tello_ros2_gz/install/tello_description/share/tello_description//urdf/tello_v2.stl
[1.499s] -- Installing: /home/nathan/tello_ros2_gz/install/tello_description/share/tello_description//urdf/tello_cover.stl
[1.499s] -- Installing: /home/nathan/tello_ros2_gz/install/tello_description/share/tello_description//rviz
[1.499s] -- Installing: /home/nathan/tello_ros2_gz/install/tello_description/share/tello_description//rviz/ryze_view.rviz
[1.499s] -- Installing: /home/nathan/tello_ros2_gz/install/tello_description/share/ament_index/resource_index/package_run_dependencies/tello_description
[1.499s] -- Installing: /home/nathan/tello_ros2_gz/install/tello_description/share/ament_index/resource_index/parent_prefix_path/tello_description
[1.500s] -- Installing: /home/nathan/tello_ros2_gz/install/tello_description/share/tello_description/environment/ament_prefix_path.sh
[1.500s] -- Installing: /home/nathan/tello_ros2_gz/install/tello_description/share/tello_description/environment/ament_prefix_path.dsv
[1.500s] -- Installing: /home/nathan/tello_ros2_gz/install/tello_description/share/tello_description/environment/path.sh
[1.500s] -- Installing: /home/nathan/tello_ros2_gz/install/tello_description/share/tello_description/environment/path.dsv
[1.500s] -- Installing: /home/nathan/tello_ros2_gz/install/tello_description/share/tello_description/local_setup.bash
[1.500s] -- Installing: /home/nathan/tello_ros2_gz/install/tello_description/share/tello_description/local_setup.sh
[1.500s] -- Installing: /home/nathan/tello_ros2_gz/install/tello_description/share/tello_description/local_setup.zsh
[1.500s] -- Installing: /home/nathan/tello_ros2_gz/install/tello_description/share/tello_description/local_setup.dsv
[1.500s] -- Installing: /home/nathan/tello_ros2_gz/install/tello_description/share/tello_description/package.dsv
[1.500s] -- Installing: /home/nathan/tello_ros2_gz/install/tello_description/share/ament_index/resource_index/packages/tello_description
[1.501s] -- Installing: /home/nathan/tello_ros2_gz/install/tello_description/share/tello_description/cmake/tello_descriptionConfig.cmake
[1.501s] -- Installing: /home/nathan/tello_ros2_gz/install/tello_description/share/tello_description/cmake/tello_descriptionConfig-version.cmake
[1.501s] -- Installing: /home/nathan/tello_ros2_gz/install/tello_description/share/tello_description/package.xml
[1.502s] Invoked command in '/home/nathan/tello_ros2_gz/build/tello_description' returned '0': CMAKE_PREFIX_PATH=${CMAKE_PREFIX_PATH}:/opt/ros/jazzy CONDA_PROMPT_MODIFIER=(base) DEBUGINFOD_URLS=https://debuginfod.ubuntu.com /usr/bin/cmake --install /home/nathan/tello_ros2_gz/build/tello_description
